<?xml version="1.0" encoding="UTF-8"?>
<testng-results skipped="0" failed="0" ignored="0" total="1" passed="1">
  <reporter-output>
  </reporter-output>
  <suite name="Default suite" duration-ms="53112" started-at="2019-02-21T19:17:39Z" finished-at="2019-02-21T19:18:32Z">
    <groups>
    </groups>
    <test name="Default test" duration-ms="53112" started-at="2019-02-21T19:17:39Z" finished-at="2019-02-21T19:18:32Z">
      <class name="Salesforce">
        <test-method status="PASS" signature="SalesForceTest()[pri:0, instance:Salesforce@2eae8e6e]" name="SalesForceTest" duration-ms="53085" started-at="2019-02-21T19:17:39Z" finished-at="2019-02-21T19:18:32Z">
          <reporter-output>
          </reporter-output>
        </test-method> <!-- SalesForceTest -->
      </class> <!-- Salesforce -->
    </test> <!-- Default test -->
  </suite> <!-- Default suite -->
</testng-results>
